# JRE version: OpenJDK Runtime Environment Temurin-21.0.11+10 (21.0.11+10) (build 21.0.11+10-LTS)
# Java VM: OpenJDK 64-Bit Server VM Temurin-21.0.11+10 (21.0.11+10-LTS, mixed mode, sharing, tiered, compressed oops, compressed class ptrs, g1 gc, windows-amd64)
GC Precious Log:
 CardTable entry size: 512
 Card Set container configuration: InlinePtr #cards 5 size 8 Array Of Cards #cards 12 size 40 Howl #buckets 4 coarsen threshold 1843 Howl Bitmap #cards 512 size 80 coarsen threshold 460 Card regions per heap region 1 cards per card region 2048
 CPUs: 12 total, 12 available
 Memory: 7860M
 Large Page Support: Disabled
 NUMA Support: Disabled
 Compressed Oops: Enabled (32-bit)
 Heap Region Size: 1M
 Heap Min Capacity: 8M
 Heap Initial Capacity: 124M
 Heap Max Capacity: 1966M
 Pre-touch: Disabled
 Parallel Workers: 10
 Concurrent Workers: 3
 Concurrent Refinement Workers: 10
 Periodic GC: Disabled
Heap:
 garbage-first heap   total 535552K, used 396288K [0x0000000085200000, 0x0000000100000000)
  region size 1024K, 154 young (157696K), 20 survivors (20480K)
 Metaspace       used 81265K, committed 83008K, reserved 1179648K
  class space    used 8226K, committed 9024K, reserved 1048576K
GC Heap History (20 events):
Event: 141205.459 GC heap before
{Heap before GC invocations=65 (full 0):
 garbage-first heap   total 331776K, used 326389K [0x0000000085200000, 0x0000000100000000)
  region size 1024K, 147 young (150528K), 18 survivors (18432K)
 Metaspace       used 76302K, committed 78016K, reserved 1179648K
  class space    used 7727K, committed 8512K, reserved 1048576K
}
Event: 141205.508 GC heap after
{Heap after GC invocations=66 (full 0):
 garbage-first heap   total 389120K, used 158978K [0x0000000085200000, 0x0000000100000000)
  region size 1024K, 19 young (19456K), 19 survivors (19456K)
 Metaspace       used 76302K, committed 78016K, reserved 1179648K
  class space    used 7727K, committed 8512K, reserved 1048576K
}
Event: 141244.164 GC heap before
{Heap before GC invocations=66 (full 0):
 garbage-first heap   total 434176K, used 432386K [0x0000000085200000, 0x0000000100000000)
  region size 1024K, 148 young (151552K), 19 survivors (19456K)
 Metaspace       used 76566K, committed 78208K, reserved 1179648K
  class space    used 7735K, committed 8512K, reserved 1048576K
}
Event: 141244.309 GC heap after
{Heap after GC invocations=67 (full 0):
 garbage-first heap   total 484352K, used 194560K [0x0000000085200000, 0x0000000100000000)
  region size 1024K, 22 young (22528K), 22 survivors (22528K)
 Metaspace       used 76566K, committed 78208K, reserved 1179648K
  class space    used 7735K, committed 8512K, reserved 1048576K
}
Event: 141270.352 GC heap before
{Heap before GC invocations=67 (full 0):
 garbage-first heap   total 484352K, used 396288K [0x0000000085200000, 0x0000000100000000)
  region size 1024K, 145 young (148480K), 22 survivors (22528K)
 Metaspace       used 76740K, committed 78400K, reserved 1179648K
  class space    used 7736K, committed 8512K, reserved 1048576K
}
Event: 141270.412 GC heap after
{Heap after GC invocations=68 (full 0):
 garbage-first heap   total 484352K, used 222208K [0x0000000085200000, 0x0000000100000000)
  region size 1024K, 19 young (19456K), 19 survivors (19456K)
 Metaspace       used 76740K, committed 78400K, reserved 1179648K
  class space    used 7736K, committed 8512K, reserved 1048576K
}
Event: 141283.563 GC heap before
{Heap before GC invocations=68 (full 0):
 garbage-first heap   total 485376K, used 484352K [0x0000000085200000, 0x0000000100000000)
  region size 1024K, 132 young (135168K), 19 survivors (19456K)
 Metaspace       used 76836K, committed 78528K, reserved 1179648K
  class space    used 7740K, committed 8512K, reserved 1048576K
}
Event: 141283.603 GC heap after
{Heap after GC invocations=69 (full 0):
 garbage-first heap   total 533504K, used 254788K [0x0000000085200000, 0x0000000100000000)
  region size 1024K, 24 young (24576K), 24 survivors (24576K)
 Metaspace       used 76836K, committed 78528K, reserved 1179648K
  class space    used 7740K, committed 8512K, reserved 1048576K
}
Event: 141289.973 GC heap before
{Heap before GC invocations=69 (full 0):
 garbage-first heap   total 533504K, used 275268K [0x0000000085200000, 0x0000000100000000)
  region size 1024K, 45 young (46080K), 24 survivors (24576K)
 Metaspace       used 76894K, committed 78592K, reserved 1179648K
  class space    used 7740K, committed 8512K, reserved 1048576K
}
Event: 141289.997 GC heap after
{Heap after GC invocations=70 (full 0):
 garbage-first heap   total 533504K, used 255693K [0x0000000085200000, 0x0000000100000000)
  region size 1024K, 3 young (3072K), 3 survivors (3072K)
 Metaspace       used 76894K, committed 78592K, reserved 1179648K
  class space    used 7740K, committed 8512K, reserved 1048576K
}
Event: 141468.967 GC heap before
{Heap before GC invocations=71 (full 0):
 garbage-first heap   total 532480K, used 504525K [0x0000000085200000, 0x0000000100000000)
  region size 1024K, 199 young (203776K), 3 survivors (3072K)
 Metaspace       used 77099K, committed 78784K, reserved 1179648K
  class space    used 7724K, committed 8512K, reserved 1048576K
}
Event: 141469.161 GC heap after
{Heap after GC invocations=72 (full 0):
 garbage-first heap   total 535552K, used 190298K [0x0000000085200000, 0x0000000100000000)
  region size 1024K, 25 young (25600K), 25 survivors (25600K)
 Metaspace       used 77099K, committed 78784K, reserved 1179648K
  class space    used 7724K, committed 8512K, reserved 1048576K
}
Event: 142559.346 GC heap before
{Heap before GC invocations=72 (full 0):
 garbage-first heap   total 535552K, used 420698K [0x0000000085200000, 0x0000000100000000)
  region size 1024K, 231 young (236544K), 25 survivors (25600K)
 Metaspace       used 80888K, committed 82624K, reserved 1179648K
  class space    used 8223K, committed 9024K, reserved 1048576K
}
Event: 142559.595 GC heap after
{Heap after GC invocations=73 (full 0):
 garbage-first heap   total 535552K, used 184052K [0x0000000085200000, 0x0000000100000000)
  region size 1024K, 22 young (22528K), 22 survivors (22528K)
 Metaspace       used 80888K, committed 82624K, reserved 1179648K
  class space    used 8223K, committed 9024K, reserved 1048576K
}
Event: 142559.948 GC heap before
{Heap before GC invocations=73 (full 0):
 garbage-first heap   total 535552K, used 194292K [0x0000000085200000, 0x0000000100000000)
  region size 1024K, 33 young (33792K), 22 survivors (22528K)
 Metaspace       used 80905K, committed 82688K, reserved 1179648K
  class space    used 8225K, committed 9024K, reserved 1048576K
}
Event: 142559.998 GC heap after
{Heap after GC invocations=74 (full 0):
 garbage-first heap   total 535552K, used 189719K [0x0000000085200000, 0x0000000100000000)
  region size 1024K, 7 young (7168K), 7 survivors (7168K)
 Metaspace       used 80905K, committed 82688K, reserved 1179648K
  class space    used 8225K, committed 9024K, reserved 1048576K
}
Event: 142595.050 GC heap before
{Heap before GC invocations=75 (full 0):
 garbage-first heap   total 535552K, used 396733K [0x0000000085200000, 0x0000000100000000)
  region size 1024K, 124 young (126976K), 7 survivors (7168K)
 Metaspace       used 81060K, committed 82816K, reserved 1179648K
  class space    used 8225K, committed 9024K, reserved 1048576K
}
Event: 142595.200 GC heap after
{Heap after GC invocations=76 (full 0):
 garbage-first heap   total 535552K, used 151309K [0x0000000085200000, 0x0000000100000000)
  region size 1024K, 16 young (16384K), 16 survivors (16384K)
 Metaspace       used 81060K, committed 82816K, reserved 1179648K
  class space    used 8225K, committed 9024K, reserved 1048576K
}
Event: 142632.975 GC heap before
{Heap before GC invocations=76 (full 0):
 garbage-first heap   total 535552K, used 374541K [0x0000000085200000, 0x0000000100000000)
  region size 1024K, 155 young (158720K), 16 survivors (16384K)
 Metaspace       used 81124K, committed 82880K, reserved 1179648K
  class space    used 8225K, committed 9024K, reserved 1048576K
}
Event: 142633.080 GC heap after
{Heap after GC invocations=77 (full 0):
 garbage-first heap   total 535552K, used 185344K [0x0000000085200000, 0x0000000100000000)
  region size 1024K, 20 young (20480K), 20 survivors (20480K)
 Metaspace       used 81124K, committed 82880K, reserved 1179648K
  class space    used 8225K, committed 9024K, reserved 1048576K
}

